The system is: Linux - 3.2.0-32-generic - x86_64
Compiling the C compiler identification source file "CMakeCCompilerId.c" succeeded.
Compiler: /usr/bin/gcc 
Build flags: 
Id flags: 

The output was:
0


Compilation of the C compiler identification source "CMakeCCompilerId.c" produced "a.out"

The C compiler identification is GNU, found in "/home/paul/playa/ccload/build/CMakeFiles/CompilerIdC/a.out"

Compiling the CXX compiler identification source file "CMakeCXXCompilerId.cpp" succeeded.
Compiler: /usr/bin/c++ 
Build flags: 
Id flags: 

The output was:
0


Compilation of the CXX compiler identification source "CMakeCXXCompilerId.cpp" produced "a.out"

The CXX compiler identification is GNU, found in "/home/paul/playa/ccload/build/CMakeFiles/CompilerIdCXX/a.out"

Determining if the C compiler works passed with the following output:
Change Dir: /home/paul/playa/ccload/build/CMakeFiles/CMakeTmp

Run Build Command:/usr/bin/gmake "cmTryCompileExec/fast"
/usr/bin/gmake -f CMakeFiles/cmTryCompileExec.dir/build.make CMakeFiles/cmTryCompileExec.dir/build
gmake[1]: Entering directory `/home/paul/playa/ccload/build/CMakeFiles/CMakeTmp'
/usr/bin/cmake -E cmake_progress_report /home/paul/playa/ccload/build/CMakeFiles/CMakeTmp/CMakeFiles 1
Building C object CMakeFiles/cmTryCompileExec.dir/testCCompiler.c.o
/usr/bin/gcc    -o CMakeFiles/cmTryCompileExec.dir/testCCompiler.c.o   -c /home/paul/playa/ccload/build/CMakeFiles/CMakeTmp/testCCompiler.c
Linking C executable cmTryCompileExec
/usr/bin/cmake -E cmake_link_script CMakeFiles/cmTryCompileExec.dir/link.txt --verbose=1
/usr/bin/gcc         CMakeFiles/cmTryCompileExec.dir/testCCompiler.c.o  -o cmTryCompileExec -rdynamic 
gmake[1]: Leaving directory `/home/paul/playa/ccload/build/CMakeFiles/CMakeTmp'


Detecting C compiler ABI info compiled with the following output:
Change Dir: /home/paul/playa/ccload/build/CMakeFiles/CMakeTmp

Run Build Command:/usr/bin/gmake "cmTryCompileExec/fast"
/usr/bin/gmake -f CMakeFiles/cmTryCompileExec.dir/build.make CMakeFiles/cmTryCompileExec.dir/build
gmake[1]: Entering directory `/home/paul/playa/ccload/build/CMakeFiles/CMakeTmp'
/usr/bin/cmake -E cmake_progress_report /home/paul/playa/ccload/build/CMakeFiles/CMakeTmp/CMakeFiles 1
Building C object CMakeFiles/cmTryCompileExec.dir/CMakeCCompilerABI.c.o
/usr/bin/gcc    -o CMakeFiles/cmTryCompileExec.dir/CMakeCCompilerABI.c.o   -c /usr/share/cmake-2.8/Modules/CMakeCCompilerABI.c
Linking C executable cmTryCompileExec
/usr/bin/cmake -E cmake_link_script CMakeFiles/cmTryCompileExec.dir/link.txt --verbose=1
/usr/bin/gcc       -v CMakeFiles/cmTryCompileExec.dir/CMakeCCompilerABI.c.o  -o cmTryCompileExec -rdynamic  
Using built-in specs.
COLLECT_GCC=/usr/bin/gcc
COLLECT_LTO_WRAPPER=/usr/lib/gcc/x86_64-linux-gnu/4.6/lto-wrapper
Target: x86_64-linux-gnu
Configured with: ../src/configure -v --with-pkgversion='Ubuntu/Linaro 4.6.3-1ubuntu5' --with-bugurl=file:///usr/share/doc/gcc-4.6/README.Bugs --enable-languages=c,c++,fortran,objc,obj-c++ --prefix=/usr --program-suffix=-4.6 --enable-shared --enable-linker-build-id --with-system-zlib --libexecdir=/usr/lib --without-included-gettext --enable-threads=posix --with-gxx-include-dir=/usr/include/c++/4.6 --libdir=/usr/lib --enable-nls --with-sysroot=/ --enable-clocale=gnu --enable-libstdcxx-debug --enable-libstdcxx-time=yes --enable-gnu-unique-object --enable-plugin --enable-objc-gc --disable-werror --with-arch-32=i686 --with-tune=generic --enable-checking=release --build=x86_64-linux-gnu --host=x86_64-linux-gnu --target=x86_64-linux-gnu
Thread model: posix
gcc version 4.6.3 (Ubuntu/Linaro 4.6.3-1ubuntu5) 
COMPILER_PATH=/usr/lib/gcc/x86_64-linux-gnu/4.6/:/usr/lib/gcc/x86_64-linux-gnu/4.6/:/usr/lib/gcc/x86_64-linux-gnu/:/usr/lib/gcc/x86_64-linux-gnu/4.6/:/usr/lib/gcc/x86_64-linux-gnu/
LIBRARY_PATH=/usr/lib/gcc/x86_64-linux-gnu/4.6/:/usr/lib/gcc/x86_64-linux-gnu/4.6/../../../x86_64-linux-gnu/:/usr/lib/gcc/x86_64-linux-gnu/4.6/../../../../lib/:/lib/x86_64-linux-gnu/:/lib/../lib/:/usr/lib/x86_64-linux-gnu/:/usr/lib/../lib/:/usr/lib/gcc/x86_64-linux-gnu/4.6/../../../:/lib/:/usr/lib/
COLLECT_GCC_OPTIONS='-v' '-o' 'cmTryCompileExec' '-rdynamic' '-mtune=generic' '-march=x86-64'
 /usr/lib/gcc/x86_64-linux-gnu/4.6/collect2 --sysroot=/ --build-id --no-add-needed --as-needed --eh-frame-hdr -m elf_x86_64 --hash-style=gnu -export-dynamic -dynamic-linker /lib64/ld-linux-x86-64.so.2 -z relro -o cmTryCompileExec /usr/lib/gcc/x86_64-linux-gnu/4.6/../../../x86_64-linux-gnu/crt1.o /usr/lib/gcc/x86_64-linux-gnu/4.6/../../../x86_64-linux-gnu/crti.o /usr/lib/gcc/x86_64-linux-gnu/4.6/crtbegin.o -L/usr/lib/gcc/x86_64-linux-gnu/4.6 -L/usr/lib/gcc/x86_64-linux-gnu/4.6/../../../x86_64-linux-gnu -L/usr/lib/gcc/x86_64-linux-gnu/4.6/../../../../lib -L/lib/x86_64-linux-gnu -L/lib/../lib -L/usr/lib/x86_64-linux-gnu -L/usr/lib/../lib -L/usr/lib/gcc/x86_64-linux-gnu/4.6/../../.. CMakeFiles/cmTryCompileExec.dir/CMakeCCompilerABI.c.o -lgcc --as-needed -lgcc_s --no-as-needed -lc -lgcc --as-needed -lgcc_s --no-as-needed /usr/lib/gcc/x86_64-linux-gnu/4.6/crtend.o /usr/lib/gcc/x86_64-linux-gnu/4.6/../../../x86_64-linux-gnu/crtn.o
gmake[1]: Leaving directory `/home/paul/playa/ccload/build/CMakeFiles/CMakeTmp'


Parsed C implicit link information from above output:
  link line regex: [^( *|.*[/\])(ld|ld|collect2)[^/\]*( |$)]
  ignore line: [Change Dir: /home/paul/playa/ccload/build/CMakeFiles/CMakeTmp]
  ignore line: []
  ignore line: [Run Build Command:/usr/bin/gmake "cmTryCompileExec/fast"]
  ignore line: [/usr/bin/gmake -f CMakeFiles/cmTryCompileExec.dir/build.make CMakeFiles/cmTryCompileExec.dir/build]
  ignore line: [gmake[1]: Entering directory `/home/paul/playa/ccload/build/CMakeFiles/CMakeTmp']
  ignore line: [/usr/bin/cmake -E cmake_progress_report /home/paul/playa/ccload/build/CMakeFiles/CMakeTmp/CMakeFiles 1]
  ignore line: [Building C object CMakeFiles/cmTryCompileExec.dir/CMakeCCompilerABI.c.o]
  ignore line: [/usr/bin/gcc    -o CMakeFiles/cmTryCompileExec.dir/CMakeCCompilerABI.c.o   -c /usr/share/cmake-2.8/Modules/CMakeCCompilerABI.c]
  ignore line: [Linking C executable cmTryCompileExec]
  ignore line: [/usr/bin/cmake -E cmake_link_script CMakeFiles/cmTryCompileExec.dir/link.txt --verbose=1]
  ignore line: [/usr/bin/gcc       -v CMakeFiles/cmTryCompileExec.dir/CMakeCCompilerABI.c.o  -o cmTryCompileExec -rdynamic  ]
  ignore line: [Using built-in specs.]
  ignore line: [COLLECT_GCC=/usr/bin/gcc]
  ignore line: [COLLECT_LTO_WRAPPER=/usr/lib/gcc/x86_64-linux-gnu/4.6/lto-wrapper]
  ignore line: [Target: x86_64-linux-gnu]
  ignore line: [Configured with: ../src/configure -v --with-pkgversion='Ubuntu/Linaro 4.6.3-1ubuntu5' --with-bugurl=file:///usr/share/doc/gcc-4.6/README.Bugs --enable-languages=c,c++,fortran,objc,obj-c++ --prefix=/usr --program-suffix=-4.6 --enable-shared --enable-linker-build-id --with-system-zlib --libexecdir=/usr/lib --without-included-gettext --enable-threads=posix --with-gxx-include-dir=/usr/include/c++/4.6 --libdir=/usr/lib --enable-nls --with-sysroot=/ --enable-clocale=gnu --enable-libstdcxx-debug --enable-libstdcxx-time=yes --enable-gnu-unique-object --enable-plugin --enable-objc-gc --disable-werror --with-arch-32=i686 --with-tune=generic --enable-checking=release --build=x86_64-linux-gnu --host=x86_64-linux-gnu --target=x86_64-linux-gnu]
  ignore line: [Thread model: posix]
  ignore line: [gcc version 4.6.3 (Ubuntu/Linaro 4.6.3-1ubuntu5) ]
  ignore line: [COMPILER_PATH=/usr/lib/gcc/x86_64-linux-gnu/4.6/:/usr/lib/gcc/x86_64-linux-gnu/4.6/:/usr/lib/gcc/x86_64-linux-gnu/:/usr/lib/gcc/x86_64-linux-gnu/4.6/:/usr/lib/gcc/x86_64-linux-gnu/]
  ignore line: [LIBRARY_PATH=/usr/lib/gcc/x86_64-linux-gnu/4.6/:/usr/lib/gcc/x86_64-linux-gnu/4.6/../../../x86_64-linux-gnu/:/usr/lib/gcc/x86_64-linux-gnu/4.6/../../../../lib/:/lib/x86_64-linux-gnu/:/lib/../lib/:/usr/lib/x86_64-linux-gnu/:/usr/lib/../lib/:/usr/lib/gcc/x86_64-linux-gnu/4.6/../../../:/lib/:/usr/lib/]
  ignore line: [COLLECT_GCC_OPTIONS='-v' '-o' 'cmTryCompileExec' '-rdynamic' '-mtune=generic' '-march=x86-64']
  link line: [ /usr/lib/gcc/x86_64-linux-gnu/4.6/collect2 --sysroot=/ --build-id --no-add-needed --as-needed --eh-frame-hdr -m elf_x86_64 --hash-style=gnu -export-dynamic -dynamic-linker /lib64/ld-linux-x86-64.so.2 -z relro -o cmTryCompileExec /usr/lib/gcc/x86_64-linux-gnu/4.6/../../../x86_64-linux-gnu/crt1.o /usr/lib/gcc/x86_64-linux-gnu/4.6/../../../x86_64-linux-gnu/crti.o /usr/lib/gcc/x86_64-linux-gnu/4.6/crtbegin.o -L/usr/lib/gcc/x86_64-linux-gnu/4.6 -L/usr/lib/gcc/x86_64-linux-gnu/4.6/../../../x86_64-linux-gnu -L/usr/lib/gcc/x86_64-linux-gnu/4.6/../../../../lib -L/lib/x86_64-linux-gnu -L/lib/../lib -L/usr/lib/x86_64-linux-gnu -L/usr/lib/../lib -L/usr/lib/gcc/x86_64-linux-gnu/4.6/../../.. CMakeFiles/cmTryCompileExec.dir/CMakeCCompilerABI.c.o -lgcc --as-needed -lgcc_s --no-as-needed -lc -lgcc --as-needed -lgcc_s --no-as-needed /usr/lib/gcc/x86_64-linux-gnu/4.6/crtend.o /usr/lib/gcc/x86_64-linux-gnu/4.6/../../../x86_64-linux-gnu/crtn.o]
    arg [/usr/lib/gcc/x86_64-linux-gnu/4.6/collect2] ==> ignore
    arg [--sysroot=/] ==> ignore
    arg [--build-id] ==> ignore
    arg [--no-add-needed] ==> ignore
    arg [--as-needed] ==> ignore
    arg [--eh-frame-hdr] ==> ignore
    arg [-m] ==> ignore
    arg [elf_x86_64] ==> ignore
    arg [--hash-style=gnu] ==> ignore
    arg [-export-dynamic] ==> ignore
    arg [-dynamic-linker] ==> ignore
    arg [/lib64/ld-linux-x86-64.so.2] ==> ignore
    arg [-zrelro] ==> ignore
    arg [-o] ==> ignore
    arg [cmTryCompileExec] ==> ignore
    arg [/usr/lib/gcc/x86_64-linux-gnu/4.6/../../../x86_64-linux-gnu/crt1.o] ==> ignore
    arg [/usr/lib/gcc/x86_64-linux-gnu/4.6/../../../x86_64-linux-gnu/crti.o] ==> ignore
    arg [/usr/lib/gcc/x86_64-linux-gnu/4.6/crtbegin.o] ==> ignore
    arg [-L/usr/lib/gcc/x86_64-linux-gnu/4.6] ==> dir [/usr/lib/gcc/x86_64-linux-gnu/4.6]
    arg [-L/usr/lib/gcc/x86_64-linux-gnu/4.6/../../../x86_64-linux-gnu] ==> dir [/usr/lib/gcc/x86_64-linux-gnu/4.6/../../../x86_64-linux-gnu]
    arg [-L/usr/lib/gcc/x86_64-linux-gnu/4.6/../../../../lib] ==> dir [/usr/lib/gcc/x86_64-linux-gnu/4.6/../../../../lib]
    arg [-L/lib/x86_64-linux-gnu] ==> dir [/lib/x86_64-linux-gnu]
    arg [-L/lib/../lib] ==> dir [/lib/../lib]
    arg [-L/usr/lib/x86_64-linux-gnu] ==> dir [/usr/lib/x86_64-linux-gnu]
    arg [-L/usr/lib/../lib] ==> dir [/usr/lib/../lib]
    arg [-L/usr/lib/gcc/x86_64-linux-gnu/4.6/../../..] ==> dir [/usr/lib/gcc/x86_64-linux-gnu/4.6/../../..]
    arg [CMakeFiles/cmTryCompileExec.dir/CMakeCCompilerABI.c.o] ==> ignore
    arg [-lgcc] ==> lib [gcc]
    arg [--as-needed] ==> ignore
    arg [-lgcc_s] ==> lib [gcc_s]
    arg [--no-as-needed] ==> ignore
    arg [-lc] ==> lib [c]
    arg [-lgcc] ==> lib [gcc]
    arg [--as-needed] ==> ignore
    arg [-lgcc_s] ==> lib [gcc_s]
    arg [--no-as-needed] ==> ignore
    arg [/usr/lib/gcc/x86_64-linux-gnu/4.6/crtend.o] ==> ignore
    arg [/usr/lib/gcc/x86_64-linux-gnu/4.6/../../../x86_64-linux-gnu/crtn.o] ==> ignore
  remove lib [gcc]
  remove lib [gcc_s]
  remove lib [gcc]
  remove lib [gcc_s]
  collapse dir [/usr/lib/gcc/x86_64-linux-gnu/4.6] ==> [/usr/lib/gcc/x86_64-linux-gnu/4.6]
  collapse dir [/usr/lib/gcc/x86_64-linux-gnu/4.6/../../../x86_64-linux-gnu] ==> [/usr/lib/x86_64-linux-gnu]
  collapse dir [/usr/lib/gcc/x86_64-linux-gnu/4.6/../../../../lib] ==> [/usr/lib]
  collapse dir [/lib/x86_64-linux-gnu] ==> [/lib/x86_64-linux-gnu]
  collapse dir [/lib/../lib] ==> [/lib]
  collapse dir [/usr/lib/x86_64-linux-gnu] ==> [/usr/lib/x86_64-linux-gnu]
  collapse dir [/usr/lib/../lib] ==> [/usr/lib]
  collapse dir [/usr/lib/gcc/x86_64-linux-gnu/4.6/../../..] ==> [/usr/lib]
  implicit libs: [c]
  implicit dirs: [/usr/lib/gcc/x86_64-linux-gnu/4.6;/usr/lib/x86_64-linux-gnu;/usr/lib;/lib/x86_64-linux-gnu;/lib]


Determining if the CXX compiler works passed with the following output:
Change Dir: /home/paul/playa/ccload/build/CMakeFiles/CMakeTmp

Run Build Command:/usr/bin/gmake "cmTryCompileExec/fast"
/usr/bin/gmake -f CMakeFiles/cmTryCompileExec.dir/build.make CMakeFiles/cmTryCompileExec.dir/build
gmake[1]: Entering directory `/home/paul/playa/ccload/build/CMakeFiles/CMakeTmp'
/usr/bin/cmake -E cmake_progress_report /home/paul/playa/ccload/build/CMakeFiles/CMakeTmp/CMakeFiles 1
Building CXX object CMakeFiles/cmTryCompileExec.dir/testCXXCompiler.cxx.o
/usr/bin/c++     -o CMakeFiles/cmTryCompileExec.dir/testCXXCompiler.cxx.o -c /home/paul/playa/ccload/build/CMakeFiles/CMakeTmp/testCXXCompiler.cxx
Linking CXX executable cmTryCompileExec
/usr/bin/cmake -E cmake_link_script CMakeFiles/cmTryCompileExec.dir/link.txt --verbose=1
/usr/bin/c++          CMakeFiles/cmTryCompileExec.dir/testCXXCompiler.cxx.o  -o cmTryCompileExec -rdynamic 
gmake[1]: Leaving directory `/home/paul/playa/ccload/build/CMakeFiles/CMakeTmp'


Detecting CXX compiler ABI info compiled with the following output:
Change Dir: /home/paul/playa/ccload/build/CMakeFiles/CMakeTmp

Run Build Command:/usr/bin/gmake "cmTryCompileExec/fast"
/usr/bin/gmake -f CMakeFiles/cmTryCompileExec.dir/build.make CMakeFiles/cmTryCompileExec.dir/build
gmake[1]: Entering directory `/home/paul/playa/ccload/build/CMakeFiles/CMakeTmp'
/usr/bin/cmake -E cmake_progress_report /home/paul/playa/ccload/build/CMakeFiles/CMakeTmp/CMakeFiles 1
Building CXX object CMakeFiles/cmTryCompileExec.dir/CMakeCXXCompilerABI.cpp.o
/usr/bin/c++     -o CMakeFiles/cmTryCompileExec.dir/CMakeCXXCompilerABI.cpp.o -c /usr/share/cmake-2.8/Modules/CMakeCXXCompilerABI.cpp
Linking CXX executable cmTryCompileExec
/usr/bin/cmake -E cmake_link_script CMakeFiles/cmTryCompileExec.dir/link.txt --verbose=1
/usr/bin/c++        -v CMakeFiles/cmTryCompileExec.dir/CMakeCXXCompilerABI.cpp.o  -o cmTryCompileExec -rdynamic  
Using built-in specs.
COLLECT_GCC=/usr/bin/c++
COLLECT_LTO_WRAPPER=/usr/lib/gcc/x86_64-linux-gnu/4.6/lto-wrapper
Target: x86_64-linux-gnu
Configured with: ../src/configure -v --with-pkgversion='Ubuntu/Linaro 4.6.3-1ubuntu5' --with-bugurl=file:///usr/share/doc/gcc-4.6/README.Bugs --enable-languages=c,c++,fortran,objc,obj-c++ --prefix=/usr --program-suffix=-4.6 --enable-shared --enable-linker-build-id --with-system-zlib --libexecdir=/usr/lib --without-included-gettext --enable-threads=posix --with-gxx-include-dir=/usr/include/c++/4.6 --libdir=/usr/lib --enable-nls --with-sysroot=/ --enable-clocale=gnu --enable-libstdcxx-debug --enable-libstdcxx-time=yes --enable-gnu-unique-object --enable-plugin --enable-objc-gc --disable-werror --with-arch-32=i686 --with-tune=generic --enable-checking=release --build=x86_64-linux-gnu --host=x86_64-linux-gnu --target=x86_64-linux-gnu
Thread model: posix
gcc version 4.6.3 (Ubuntu/Linaro 4.6.3-1ubuntu5) 
COMPILER_PATH=/usr/lib/gcc/x86_64-linux-gnu/4.6/:/usr/lib/gcc/x86_64-linux-gnu/4.6/:/usr/lib/gcc/x86_64-linux-gnu/:/usr/lib/gcc/x86_64-linux-gnu/4.6/:/usr/lib/gcc/x86_64-linux-gnu/
LIBRARY_PATH=/usr/lib/gcc/x86_64-linux-gnu/4.6/:/usr/lib/gcc/x86_64-linux-gnu/4.6/../../../x86_64-linux-gnu/:/usr/lib/gcc/x86_64-linux-gnu/4.6/../../../../lib/:/lib/x86_64-linux-gnu/:/lib/../lib/:/usr/lib/x86_64-linux-gnu/:/usr/lib/../lib/:/usr/lib/gcc/x86_64-linux-gnu/4.6/../../../:/lib/:/usr/lib/
COLLECT_GCC_OPTIONS='-v' '-o' 'cmTryCompileExec' '-rdynamic' '-shared-libgcc' '-mtune=generic' '-march=x86-64'
 /usr/lib/gcc/x86_64-linux-gnu/4.6/collect2 --sysroot=/ --build-id --no-add-needed --as-needed --eh-frame-hdr -m elf_x86_64 --hash-style=gnu -export-dynamic -dynamic-linker /lib64/ld-linux-x86-64.so.2 -z relro -o cmTryCompileExec /usr/lib/gcc/x86_64-linux-gnu/4.6/../../../x86_64-linux-gnu/crt1.o /usr/lib/gcc/x86_64-linux-gnu/4.6/../../../x86_64-linux-gnu/crti.o /usr/lib/gcc/x86_64-linux-gnu/4.6/crtbegin.o -L/usr/lib/gcc/x86_64-linux-gnu/4.6 -L/usr/lib/gcc/x86_64-linux-gnu/4.6/../../../x86_64-linux-gnu -L/usr/lib/gcc/x86_64-linux-gnu/4.6/../../../../lib -L/lib/x86_64-linux-gnu -L/lib/../lib -L/usr/lib/x86_64-linux-gnu -L/usr/lib/../lib -L/usr/lib/gcc/x86_64-linux-gnu/4.6/../../.. CMakeFiles/cmTryCompileExec.dir/CMakeCXXCompilerABI.cpp.o -lstdc++ -lm -lgcc_s -lgcc -lc -lgcc_s -lgcc /usr/lib/gcc/x86_64-linux-gnu/4.6/crtend.o /usr/lib/gcc/x86_64-linux-gnu/4.6/../../../x86_64-linux-gnu/crtn.o
gmake[1]: Leaving directory `/home/paul/playa/ccload/build/CMakeFiles/CMakeTmp'


Parsed CXX implicit link information from above output:
  link line regex: [^( *|.*[/\])(ld|ld|collect2)[^/\]*( |$)]
  ignore line: [Change Dir: /home/paul/playa/ccload/build/CMakeFiles/CMakeTmp]
  ignore line: []
  ignore line: [Run Build Command:/usr/bin/gmake "cmTryCompileExec/fast"]
  ignore line: [/usr/bin/gmake -f CMakeFiles/cmTryCompileExec.dir/build.make CMakeFiles/cmTryCompileExec.dir/build]
  ignore line: [gmake[1]: Entering directory `/home/paul/playa/ccload/build/CMakeFiles/CMakeTmp']
  ignore line: [/usr/bin/cmake -E cmake_progress_report /home/paul/playa/ccload/build/CMakeFiles/CMakeTmp/CMakeFiles 1]
  ignore line: [Building CXX object CMakeFiles/cmTryCompileExec.dir/CMakeCXXCompilerABI.cpp.o]
  ignore line: [/usr/bin/c++     -o CMakeFiles/cmTryCompileExec.dir/CMakeCXXCompilerABI.cpp.o -c /usr/share/cmake-2.8/Modules/CMakeCXXCompilerABI.cpp]
  ignore line: [Linking CXX executable cmTryCompileExec]
  ignore line: [/usr/bin/cmake -E cmake_link_script CMakeFiles/cmTryCompileExec.dir/link.txt --verbose=1]
  ignore line: [/usr/bin/c++        -v CMakeFiles/cmTryCompileExec.dir/CMakeCXXCompilerABI.cpp.o  -o cmTryCompileExec -rdynamic  ]
  ignore line: [Using built-in specs.]
  ignore line: [COLLECT_GCC=/usr/bin/c++]
  ignore line: [COLLECT_LTO_WRAPPER=/usr/lib/gcc/x86_64-linux-gnu/4.6/lto-wrapper]
  ignore line: [Target: x86_64-linux-gnu]
  ignore line: [Configured with: ../src/configure -v --with-pkgversion='Ubuntu/Linaro 4.6.3-1ubuntu5' --with-bugurl=file:///usr/share/doc/gcc-4.6/README.Bugs --enable-languages=c,c++,fortran,objc,obj-c++ --prefix=/usr --program-suffix=-4.6 --enable-shared --enable-linker-build-id --with-system-zlib --libexecdir=/usr/lib --without-included-gettext --enable-threads=posix --with-gxx-include-dir=/usr/include/c++/4.6 --libdir=/usr/lib --enable-nls --with-sysroot=/ --enable-clocale=gnu --enable-libstdcxx-debug --enable-libstdcxx-time=yes --enable-gnu-unique-object --enable-plugin --enable-objc-gc --disable-werror --with-arch-32=i686 --with-tune=generic --enable-checking=release --build=x86_64-linux-gnu --host=x86_64-linux-gnu --target=x86_64-linux-gnu]
  ignore line: [Thread model: posix]
  ignore line: [gcc version 4.6.3 (Ubuntu/Linaro 4.6.3-1ubuntu5) ]
  ignore line: [COMPILER_PATH=/usr/lib/gcc/x86_64-linux-gnu/4.6/:/usr/lib/gcc/x86_64-linux-gnu/4.6/:/usr/lib/gcc/x86_64-linux-gnu/:/usr/lib/gcc/x86_64-linux-gnu/4.6/:/usr/lib/gcc/x86_64-linux-gnu/]
  ignore line: [LIBRARY_PATH=/usr/lib/gcc/x86_64-linux-gnu/4.6/:/usr/lib/gcc/x86_64-linux-gnu/4.6/../../../x86_64-linux-gnu/:/usr/lib/gcc/x86_64-linux-gnu/4.6/../../../../lib/:/lib/x86_64-linux-gnu/:/lib/../lib/:/usr/lib/x86_64-linux-gnu/:/usr/lib/../lib/:/usr/lib/gcc/x86_64-linux-gnu/4.6/../../../:/lib/:/usr/lib/]
  ignore line: [COLLECT_GCC_OPTIONS='-v' '-o' 'cmTryCompileExec' '-rdynamic' '-shared-libgcc' '-mtune=generic' '-march=x86-64']
  link line: [ /usr/lib/gcc/x86_64-linux-gnu/4.6/collect2 --sysroot=/ --build-id --no-add-needed --as-needed --eh-frame-hdr -m elf_x86_64 --hash-style=gnu -export-dynamic -dynamic-linker /lib64/ld-linux-x86-64.so.2 -z relro -o cmTryCompileExec /usr/lib/gcc/x86_64-linux-gnu/4.6/../../../x86_64-linux-gnu/crt1.o /usr/lib/gcc/x86_64-linux-gnu/4.6/../../../x86_64-linux-gnu/crti.o /usr/lib/gcc/x86_64-linux-gnu/4.6/crtbegin.o -L/usr/lib/gcc/x86_64-linux-gnu/4.6 -L/usr/lib/gcc/x86_64-linux-gnu/4.6/../../../x86_64-linux-gnu -L/usr/lib/gcc/x86_64-linux-gnu/4.6/../../../../lib -L/lib/x86_64-linux-gnu -L/lib/../lib -L/usr/lib/x86_64-linux-gnu -L/usr/lib/../lib -L/usr/lib/gcc/x86_64-linux-gnu/4.6/../../.. CMakeFiles/cmTryCompileExec.dir/CMakeCXXCompilerABI.cpp.o -lstdc++ -lm -lgcc_s -lgcc -lc -lgcc_s -lgcc /usr/lib/gcc/x86_64-linux-gnu/4.6/crtend.o /usr/lib/gcc/x86_64-linux-gnu/4.6/../../../x86_64-linux-gnu/crtn.o]
    arg [/usr/lib/gcc/x86_64-linux-gnu/4.6/collect2] ==> ignore
    arg [--sysroot=/] ==> ignore
    arg [--build-id] ==> ignore
    arg [--no-add-needed] ==> ignore
    arg [--as-needed] ==> ignore
    arg [--eh-frame-hdr] ==> ignore
    arg [-m] ==> ignore
    arg [elf_x86_64] ==> ignore
    arg [--hash-style=gnu] ==> ignore
    arg [-export-dynamic] ==> ignore
    arg [-dynamic-linker] ==> ignore
    arg [/lib64/ld-linux-x86-64.so.2] ==> ignore
    arg [-zrelro] ==> ignore
    arg [-o] ==> ignore
    arg [cmTryCompileExec] ==> ignore
    arg [/usr/lib/gcc/x86_64-linux-gnu/4.6/../../../x86_64-linux-gnu/crt1.o] ==> ignore
    arg [/usr/lib/gcc/x86_64-linux-gnu/4.6/../../../x86_64-linux-gnu/crti.o] ==> ignore
    arg [/usr/lib/gcc/x86_64-linux-gnu/4.6/crtbegin.o] ==> ignore
    arg [-L/usr/lib/gcc/x86_64-linux-gnu/4.6] ==> dir [/usr/lib/gcc/x86_64-linux-gnu/4.6]
    arg [-L/usr/lib/gcc/x86_64-linux-gnu/4.6/../../../x86_64-linux-gnu] ==> dir [/usr/lib/gcc/x86_64-linux-gnu/4.6/../../../x86_64-linux-gnu]
    arg [-L/usr/lib/gcc/x86_64-linux-gnu/4.6/../../../../lib] ==> dir [/usr/lib/gcc/x86_64-linux-gnu/4.6/../../../../lib]
    arg [-L/lib/x86_64-linux-gnu] ==> dir [/lib/x86_64-linux-gnu]
    arg [-L/lib/../lib] ==> dir [/lib/../lib]
    arg [-L/usr/lib/x86_64-linux-gnu] ==> dir [/usr/lib/x86_64-linux-gnu]
    arg [-L/usr/lib/../lib] ==> dir [/usr/lib/../lib]
    arg [-L/usr/lib/gcc/x86_64-linux-gnu/4.6/../../..] ==> dir [/usr/lib/gcc/x86_64-linux-gnu/4.6/../../..]
    arg [CMakeFiles/cmTryCompileExec.dir/CMakeCXXCompilerABI.cpp.o] ==> ignore
    arg [-lstdc++] ==> lib [stdc++]
    arg [-lm] ==> lib [m]
    arg [-lgcc_s] ==> lib [gcc_s]
    arg [-lgcc] ==> lib [gcc]
    arg [-lc] ==> lib [c]
    arg [-lgcc_s] ==> lib [gcc_s]
    arg [-lgcc] ==> lib [gcc]
    arg [/usr/lib/gcc/x86_64-linux-gnu/4.6/crtend.o] ==> ignore
    arg [/usr/lib/gcc/x86_64-linux-gnu/4.6/../../../x86_64-linux-gnu/crtn.o] ==> ignore
  remove lib [gcc_s]
  remove lib [gcc]
  remove lib [gcc_s]
  remove lib [gcc]
  collapse dir [/usr/lib/gcc/x86_64-linux-gnu/4.6] ==> [/usr/lib/gcc/x86_64-linux-gnu/4.6]
  collapse dir [/usr/lib/gcc/x86_64-linux-gnu/4.6/../../../x86_64-linux-gnu] ==> [/usr/lib/x86_64-linux-gnu]
  collapse dir [/usr/lib/gcc/x86_64-linux-gnu/4.6/../../../../lib] ==> [/usr/lib]
  collapse dir [/lib/x86_64-linux-gnu] ==> [/lib/x86_64-linux-gnu]
  collapse dir [/lib/../lib] ==> [/lib]
  collapse dir [/usr/lib/x86_64-linux-gnu] ==> [/usr/lib/x86_64-linux-gnu]
  collapse dir [/usr/lib/../lib] ==> [/usr/lib]
  collapse dir [/usr/lib/gcc/x86_64-linux-gnu/4.6/../../..] ==> [/usr/lib]
  implicit libs: [stdc++;m;c]
  implicit dirs: [/usr/lib/gcc/x86_64-linux-gnu/4.6;/usr/lib/x86_64-linux-gnu;/usr/lib;/lib/x86_64-linux-gnu;/lib]


Determining if the Q_WS_X11 exist passed with the following output:
Change Dir: /home/paul/playa/ccload/build/CMakeFiles/CMakeTmp

Run Build Command:/usr/bin/gmake "cmTryCompileExec/fast"
/usr/bin/gmake -f CMakeFiles/cmTryCompileExec.dir/build.make CMakeFiles/cmTryCompileExec.dir/build
gmake[1]: Entering directory `/home/paul/playa/ccload/build/CMakeFiles/CMakeTmp'
/usr/bin/cmake -E cmake_progress_report /home/paul/playa/ccload/build/CMakeFiles/CMakeTmp/CMakeFiles 1
Building C object CMakeFiles/cmTryCompileExec.dir/CheckSymbolExists.c.o
/usr/bin/gcc   -I/usr/include/qt4    -o CMakeFiles/cmTryCompileExec.dir/CheckSymbolExists.c.o   -c /home/paul/playa/ccload/build/CMakeFiles/CMakeTmp/CheckSymbolExists.c
Linking C executable cmTryCompileExec
/usr/bin/cmake -E cmake_link_script CMakeFiles/cmTryCompileExec.dir/link.txt --verbose=1
/usr/bin/gcc         CMakeFiles/cmTryCompileExec.dir/CheckSymbolExists.c.o  -o cmTryCompileExec -rdynamic 
gmake[1]: Leaving directory `/home/paul/playa/ccload/build/CMakeFiles/CMakeTmp'

File /home/paul/playa/ccload/build/CMakeFiles/CMakeTmp/CheckSymbolExists.c:
/* */
#include <QtCore/qglobal.h>

void cmakeRequireSymbol(int dummy,...){(void)dummy;}
int main()
{
#ifndef Q_WS_X11
  cmakeRequireSymbol(0,&Q_WS_X11);
#endif
  return 0;
}

Determining if the function XOpenDisplay exists in the /usr/lib/x86_64-linux-gnu/libX11.so;/usr/lib/x86_64-linux-gnu/libXext.so;/usr/lib/x86_64-linux-gnu/libXft.so;/usr/lib/x86_64-linux-gnu/libXau.so;/usr/lib/x86_64-linux-gnu/libXdmcp.so;/usr/lib/x86_64-linux-gnu/libXpm.so passed with the following output:
Change Dir: /home/paul/playa/ccload/build/CMakeFiles/CMakeTmp

Run Build Command:/usr/bin/gmake "cmTryCompileExec/fast"
/usr/bin/gmake -f CMakeFiles/cmTryCompileExec.dir/build.make CMakeFiles/cmTryCompileExec.dir/build
gmake[1]: Entering directory `/home/paul/playa/ccload/build/CMakeFiles/CMakeTmp'
/usr/bin/cmake -E cmake_progress_report /home/paul/playa/ccload/build/CMakeFiles/CMakeTmp/CMakeFiles 1
Building C object CMakeFiles/cmTryCompileExec.dir/CheckFunctionExists.c.o
/usr/bin/gcc   -DCHECK_FUNCTION_EXISTS=XOpenDisplay   -o CMakeFiles/cmTryCompileExec.dir/CheckFunctionExists.c.o   -c /usr/share/cmake-2.8/Modules/CheckFunctionExists.c
Linking C executable cmTryCompileExec
/usr/bin/cmake -E cmake_link_script CMakeFiles/cmTryCompileExec.dir/link.txt --verbose=1
/usr/bin/gcc     -DCHECK_FUNCTION_EXISTS=XOpenDisplay    CMakeFiles/cmTryCompileExec.dir/CheckFunctionExists.c.o  -o cmTryCompileExec -rdynamic -lX11 -lXext -lXft -lXau -lXdmcp -lXpm 
gmake[1]: Leaving directory `/home/paul/playa/ccload/build/CMakeFiles/CMakeTmp'


Determining if the function gethostbyname exists passed with the following output:
Change Dir: /home/paul/playa/ccload/build/CMakeFiles/CMakeTmp

Run Build Command:/usr/bin/gmake "cmTryCompileExec/fast"
/usr/bin/gmake -f CMakeFiles/cmTryCompileExec.dir/build.make CMakeFiles/cmTryCompileExec.dir/build
gmake[1]: Entering directory `/home/paul/playa/ccload/build/CMakeFiles/CMakeTmp'
/usr/bin/cmake -E cmake_progress_report /home/paul/playa/ccload/build/CMakeFiles/CMakeTmp/CMakeFiles 1
Building C object CMakeFiles/cmTryCompileExec.dir/CheckFunctionExists.c.o
/usr/bin/gcc   -DCHECK_FUNCTION_EXISTS=gethostbyname   -o CMakeFiles/cmTryCompileExec.dir/CheckFunctionExists.c.o   -c /usr/share/cmake-2.8/Modules/CheckFunctionExists.c
Linking C executable cmTryCompileExec
/usr/bin/cmake -E cmake_link_script CMakeFiles/cmTryCompileExec.dir/link.txt --verbose=1
/usr/bin/gcc     -DCHECK_FUNCTION_EXISTS=gethostbyname    CMakeFiles/cmTryCompileExec.dir/CheckFunctionExists.c.o  -o cmTryCompileExec -rdynamic 
gmake[1]: Leaving directory `/home/paul/playa/ccload/build/CMakeFiles/CMakeTmp'


Determining if the function connect exists passed with the following output:
Change Dir: /home/paul/playa/ccload/build/CMakeFiles/CMakeTmp

Run Build Command:/usr/bin/gmake "cmTryCompileExec/fast"
/usr/bin/gmake -f CMakeFiles/cmTryCompileExec.dir/build.make CMakeFiles/cmTryCompileExec.dir/build
gmake[1]: Entering directory `/home/paul/playa/ccload/build/CMakeFiles/CMakeTmp'
/usr/bin/cmake -E cmake_progress_report /home/paul/playa/ccload/build/CMakeFiles/CMakeTmp/CMakeFiles 1
Building C object CMakeFiles/cmTryCompileExec.dir/CheckFunctionExists.c.o
/usr/bin/gcc   -DCHECK_FUNCTION_EXISTS=connect   -o CMakeFiles/cmTryCompileExec.dir/CheckFunctionExists.c.o   -c /usr/share/cmake-2.8/Modules/CheckFunctionExists.c
Linking C executable cmTryCompileExec
/usr/bin/cmake -E cmake_link_script CMakeFiles/cmTryCompileExec.dir/link.txt --verbose=1
/usr/bin/gcc     -DCHECK_FUNCTION_EXISTS=connect    CMakeFiles/cmTryCompileExec.dir/CheckFunctionExists.c.o  -o cmTryCompileExec -rdynamic 
gmake[1]: Leaving directory `/home/paul/playa/ccload/build/CMakeFiles/CMakeTmp'


Determining if the function remove exists passed with the following output:
Change Dir: /home/paul/playa/ccload/build/CMakeFiles/CMakeTmp

Run Build Command:/usr/bin/gmake "cmTryCompileExec/fast"
/usr/bin/gmake -f CMakeFiles/cmTryCompileExec.dir/build.make CMakeFiles/cmTryCompileExec.dir/build
gmake[1]: Entering directory `/home/paul/playa/ccload/build/CMakeFiles/CMakeTmp'
/usr/bin/cmake -E cmake_progress_report /home/paul/playa/ccload/build/CMakeFiles/CMakeTmp/CMakeFiles 1
Building C object CMakeFiles/cmTryCompileExec.dir/CheckFunctionExists.c.o
/usr/bin/gcc   -DCHECK_FUNCTION_EXISTS=remove   -o CMakeFiles/cmTryCompileExec.dir/CheckFunctionExists.c.o   -c /usr/share/cmake-2.8/Modules/CheckFunctionExists.c
Linking C executable cmTryCompileExec
/usr/bin/cmake -E cmake_link_script CMakeFiles/cmTryCompileExec.dir/link.txt --verbose=1
/usr/bin/gcc     -DCHECK_FUNCTION_EXISTS=remove    CMakeFiles/cmTryCompileExec.dir/CheckFunctionExists.c.o  -o cmTryCompileExec -rdynamic 
gmake[1]: Leaving directory `/home/paul/playa/ccload/build/CMakeFiles/CMakeTmp'


Determining if the function shmat exists passed with the following output:
Change Dir: /home/paul/playa/ccload/build/CMakeFiles/CMakeTmp

Run Build Command:/usr/bin/gmake "cmTryCompileExec/fast"
/usr/bin/gmake -f CMakeFiles/cmTryCompileExec.dir/build.make CMakeFiles/cmTryCompileExec.dir/build
gmake[1]: Entering directory `/home/paul/playa/ccload/build/CMakeFiles/CMakeTmp'
/usr/bin/cmake -E cmake_progress_report /home/paul/playa/ccload/build/CMakeFiles/CMakeTmp/CMakeFiles 1
Building C object CMakeFiles/cmTryCompileExec.dir/CheckFunctionExists.c.o
/usr/bin/gcc   -DCHECK_FUNCTION_EXISTS=shmat   -o CMakeFiles/cmTryCompileExec.dir/CheckFunctionExists.c.o   -c /usr/share/cmake-2.8/Modules/CheckFunctionExists.c
Linking C executable cmTryCompileExec
/usr/bin/cmake -E cmake_link_script CMakeFiles/cmTryCompileExec.dir/link.txt --verbose=1
/usr/bin/gcc     -DCHECK_FUNCTION_EXISTS=shmat    CMakeFiles/cmTryCompileExec.dir/CheckFunctionExists.c.o  -o cmTryCompileExec -rdynamic 
gmake[1]: Leaving directory `/home/paul/playa/ccload/build/CMakeFiles/CMakeTmp'


Determining if the function IceConnectionNumber exists in the ICE passed with the following output:
Change Dir: /home/paul/playa/ccload/build/CMakeFiles/CMakeTmp

Run Build Command:/usr/bin/gmake "cmTryCompileExec/fast"
/usr/bin/gmake -f CMakeFiles/cmTryCompileExec.dir/build.make CMakeFiles/cmTryCompileExec.dir/build
gmake[1]: Entering directory `/home/paul/playa/ccload/build/CMakeFiles/CMakeTmp'
/usr/bin/cmake -E cmake_progress_report /home/paul/playa/ccload/build/CMakeFiles/CMakeTmp/CMakeFiles 1
Building C object CMakeFiles/cmTryCompileExec.dir/CheckFunctionExists.c.o
/usr/bin/gcc   -DCHECK_FUNCTION_EXISTS=IceConnectionNumber   -o CMakeFiles/cmTryCompileExec.dir/CheckFunctionExists.c.o   -c /usr/share/cmake-2.8/Modules/CheckFunctionExists.c
Linking C executable cmTryCompileExec
/usr/bin/cmake -E cmake_link_script CMakeFiles/cmTryCompileExec.dir/link.txt --verbose=1
/usr/bin/gcc     -DCHECK_FUNCTION_EXISTS=IceConnectionNumber    CMakeFiles/cmTryCompileExec.dir/CheckFunctionExists.c.o  -o cmTryCompileExec -rdynamic -lICE 
gmake[1]: Leaving directory `/home/paul/playa/ccload/build/CMakeFiles/CMakeTmp'


Determining if files pthread.h exist passed with the following output:
Change Dir: /home/paul/playa/ccload/build/CMakeFiles/CMakeTmp

Run Build Command:/usr/bin/gmake "cmTryCompileExec/fast"
/usr/bin/gmake -f CMakeFiles/cmTryCompileExec.dir/build.make CMakeFiles/cmTryCompileExec.dir/build
gmake[1]: Entering directory `/home/paul/playa/ccload/build/CMakeFiles/CMakeTmp'
/usr/bin/cmake -E cmake_progress_report /home/paul/playa/ccload/build/CMakeFiles/CMakeTmp/CMakeFiles 1
Building C object CMakeFiles/cmTryCompileExec.dir/CheckIncludeFiles.c.o
/usr/bin/gcc    -o CMakeFiles/cmTryCompileExec.dir/CheckIncludeFiles.c.o   -c /home/paul/playa/ccload/build/CMakeFiles/CMakeTmp/CheckIncludeFiles.c
Linking C executable cmTryCompileExec
/usr/bin/cmake -E cmake_link_script CMakeFiles/cmTryCompileExec.dir/link.txt --verbose=1
/usr/bin/gcc         CMakeFiles/cmTryCompileExec.dir/CheckIncludeFiles.c.o  -o cmTryCompileExec -rdynamic 
gmake[1]: Leaving directory `/home/paul/playa/ccload/build/CMakeFiles/CMakeTmp'


Determining if the function pthread_create exists in the pthread passed with the following output:
Change Dir: /home/paul/playa/ccload/build/CMakeFiles/CMakeTmp

Run Build Command:/usr/bin/gmake "cmTryCompileExec/fast"
/usr/bin/gmake -f CMakeFiles/cmTryCompileExec.dir/build.make CMakeFiles/cmTryCompileExec.dir/build
gmake[1]: Entering directory `/home/paul/playa/ccload/build/CMakeFiles/CMakeTmp'
/usr/bin/cmake -E cmake_progress_report /home/paul/playa/ccload/build/CMakeFiles/CMakeTmp/CMakeFiles 1
Building C object CMakeFiles/cmTryCompileExec.dir/CheckFunctionExists.c.o
/usr/bin/gcc   -DCHECK_FUNCTION_EXISTS=pthread_create   -o CMakeFiles/cmTryCompileExec.dir/CheckFunctionExists.c.o   -c /usr/share/cmake-2.8/Modules/CheckFunctionExists.c
Linking C executable cmTryCompileExec
/usr/bin/cmake -E cmake_link_script CMakeFiles/cmTryCompileExec.dir/link.txt --verbose=1
/usr/bin/gcc     -DCHECK_FUNCTION_EXISTS=pthread_create    CMakeFiles/cmTryCompileExec.dir/CheckFunctionExists.c.o  -o cmTryCompileExec -rdynamic -lpthread 
gmake[1]: Leaving directory `/home/paul/playa/ccload/build/CMakeFiles/CMakeTmp'


Determining if the _POSIX_TIMERS exist passed with the following output:
Change Dir: /home/paul/playa/ccload/build/CMakeFiles/CMakeTmp

Run Build Command:/usr/bin/gmake "cmTryCompileExec/fast"
/usr/bin/gmake -f CMakeFiles/cmTryCompileExec.dir/build.make CMakeFiles/cmTryCompileExec.dir/build
gmake[1]: Entering directory `/home/paul/playa/ccload/build/CMakeFiles/CMakeTmp'
/usr/bin/cmake -E cmake_progress_report /home/paul/playa/ccload/build/CMakeFiles/CMakeTmp/CMakeFiles 1
Building C object CMakeFiles/cmTryCompileExec.dir/CheckSymbolExists.c.o
/usr/bin/gcc    -o CMakeFiles/cmTryCompileExec.dir/CheckSymbolExists.c.o   -c /home/paul/playa/ccload/build/CMakeFiles/CMakeTmp/CheckSymbolExists.c
Linking C executable cmTryCompileExec
/usr/bin/cmake -E cmake_link_script CMakeFiles/cmTryCompileExec.dir/link.txt --verbose=1
/usr/bin/gcc         CMakeFiles/cmTryCompileExec.dir/CheckSymbolExists.c.o  -o cmTryCompileExec -rdynamic -lrt 
gmake[1]: Leaving directory `/home/paul/playa/ccload/build/CMakeFiles/CMakeTmp'

File /home/paul/playa/ccload/build/CMakeFiles/CMakeTmp/CheckSymbolExists.c:
/* */
#include <unistd.h>
#include <time.h>

void cmakeRequireSymbol(int dummy,...){(void)dummy;}
int main()
{
#ifndef _POSIX_TIMERS
  cmakeRequireSymbol(0,&_POSIX_TIMERS);
#endif
  return 0;
}

Performing C++ SOURCE FILE Test _OFFT_IS_64BIT succeded with the following output:
Change Dir: /home/paul/playa/ccload/build/CMakeFiles/CMakeTmp

Run Build Command:/usr/bin/gmake "cmTryCompileExec/fast"
/usr/bin/gmake -f CMakeFiles/cmTryCompileExec.dir/build.make CMakeFiles/cmTryCompileExec.dir/build
gmake[1]: Entering directory `/home/paul/playa/ccload/build/CMakeFiles/CMakeTmp'
/usr/bin/cmake -E cmake_progress_report /home/paul/playa/ccload/build/CMakeFiles/CMakeTmp/CMakeFiles 1
Building CXX object CMakeFiles/cmTryCompileExec.dir/src.cxx.o
/usr/bin/c++    -D_OFFT_IS_64BIT   -o CMakeFiles/cmTryCompileExec.dir/src.cxx.o -c /home/paul/playa/ccload/build/CMakeFiles/CMakeTmp/src.cxx
Linking CXX executable cmTryCompileExec
/usr/bin/cmake -E cmake_link_script CMakeFiles/cmTryCompileExec.dir/link.txt --verbose=1
/usr/bin/c++      -D_OFFT_IS_64BIT    CMakeFiles/cmTryCompileExec.dir/src.cxx.o  -o cmTryCompileExec -rdynamic 
gmake[1]: Leaving directory `/home/paul/playa/ccload/build/CMakeFiles/CMakeTmp'

Source file was:

#include <sys/types.h>
 /* Check that off_t can represent 2**63 - 1 correctly.
    We can't simply define LARGE_OFF_T to be 9223372036854775807,
    since some C++ compilers masquerading as C compilers
    incorrectly reject 9223372036854775807.  */
#define LARGE_OFF_T (((off_t) 1 << 62) - 1 + ((off_t) 1 << 62))

  int off_t_is_large[(LARGE_OFF_T % 2147483629 == 721 && LARGE_OFF_T % 2147483647 == 1) ? 1 : -1];
  int main() { return 0; }

Performing C++ SOURCE FILE Test HAVE_FPIE_SUPPORT succeded with the following output:
Change Dir: /home/paul/playa/ccload/build/CMakeFiles/CMakeTmp

Run Build Command:/usr/bin/gmake "cmTryCompileExec/fast"
/usr/bin/gmake -f CMakeFiles/cmTryCompileExec.dir/build.make CMakeFiles/cmTryCompileExec.dir/build
gmake[1]: Entering directory `/home/paul/playa/ccload/build/CMakeFiles/CMakeTmp'
/usr/bin/cmake -E cmake_progress_report /home/paul/playa/ccload/build/CMakeFiles/CMakeTmp/CMakeFiles 1
Building CXX object CMakeFiles/cmTryCompileExec.dir/src.cxx.o
/usr/bin/c++    -Wnon-virtual-dtor -Wno-long-long -ansi -Wundef -Wcast-align -Wchar-subscripts -Wall -W -Wpointer-arith -Wformat-security -fno-exceptions -DQT_NO_EXCEPTIONS -fno-check-new -fno-common  -DHAVE_FPIE_SUPPORT   -fPIE -o CMakeFiles/cmTryCompileExec.dir/src.cxx.o -c /home/paul/playa/ccload/build/CMakeFiles/CMakeTmp/src.cxx
Linking CXX executable cmTryCompileExec
/usr/bin/cmake -E cmake_link_script CMakeFiles/cmTryCompileExec.dir/link.txt --verbose=1
/usr/bin/c++     -Wnon-virtual-dtor -Wno-long-long -ansi -Wundef -Wcast-align -Wchar-subscripts -Wall -W -Wpointer-arith -Wformat-security -fno-exceptions -DQT_NO_EXCEPTIONS -fno-check-new -fno-common  -DHAVE_FPIE_SUPPORT    CMakeFiles/cmTryCompileExec.dir/src.cxx.o  -o cmTryCompileExec -rdynamic 
gmake[1]: Leaving directory `/home/paul/playa/ccload/build/CMakeFiles/CMakeTmp'

Source file was:
int main() { return 0;}
Performing C++ SOURCE FILE Test __KDE_HAVE_W_OVERLOADED_VIRTUAL succeded with the following output:
Change Dir: /home/paul/playa/ccload/build/CMakeFiles/CMakeTmp

Run Build Command:/usr/bin/gmake "cmTryCompileExec/fast"
/usr/bin/gmake -f CMakeFiles/cmTryCompileExec.dir/build.make CMakeFiles/cmTryCompileExec.dir/build
gmake[1]: Entering directory `/home/paul/playa/ccload/build/CMakeFiles/CMakeTmp'
/usr/bin/cmake -E cmake_progress_report /home/paul/playa/ccload/build/CMakeFiles/CMakeTmp/CMakeFiles 1
Building CXX object CMakeFiles/cmTryCompileExec.dir/src.cxx.o
/usr/bin/c++    -Wnon-virtual-dtor -Wno-long-long -ansi -Wundef -Wcast-align -Wchar-subscripts -Wall -W -Wpointer-arith -Wformat-security -fno-exceptions -DQT_NO_EXCEPTIONS -fno-check-new -fno-common  -D__KDE_HAVE_W_OVERLOADED_VIRTUAL   -Woverloaded-virtual -o CMakeFiles/cmTryCompileExec.dir/src.cxx.o -c /home/paul/playa/ccload/build/CMakeFiles/CMakeTmp/src.cxx
Linking CXX executable cmTryCompileExec
/usr/bin/cmake -E cmake_link_script CMakeFiles/cmTryCompileExec.dir/link.txt --verbose=1
/usr/bin/c++     -Wnon-virtual-dtor -Wno-long-long -ansi -Wundef -Wcast-align -Wchar-subscripts -Wall -W -Wpointer-arith -Wformat-security -fno-exceptions -DQT_NO_EXCEPTIONS -fno-check-new -fno-common  -D__KDE_HAVE_W_OVERLOADED_VIRTUAL    CMakeFiles/cmTryCompileExec.dir/src.cxx.o  -o cmTryCompileExec -rdynamic 
gmake[1]: Leaving directory `/home/paul/playa/ccload/build/CMakeFiles/CMakeTmp'

Source file was:
int main() { return 0;}
Performing C++ SOURCE FILE Test __KDE_HAVE_GCC_VISIBILITY succeded with the following output:
Change Dir: /home/paul/playa/ccload/build/CMakeFiles/CMakeTmp

Run Build Command:/usr/bin/gmake "cmTryCompileExec/fast"
/usr/bin/gmake -f CMakeFiles/cmTryCompileExec.dir/build.make CMakeFiles/cmTryCompileExec.dir/build
gmake[1]: Entering directory `/home/paul/playa/ccload/build/CMakeFiles/CMakeTmp'
/usr/bin/cmake -E cmake_progress_report /home/paul/playa/ccload/build/CMakeFiles/CMakeTmp/CMakeFiles 1
Building CXX object CMakeFiles/cmTryCompileExec.dir/src.cxx.o
/usr/bin/c++    -Wnon-virtual-dtor -Wno-long-long -ansi -Wundef -Wcast-align -Wchar-subscripts -Wall -W -Wpointer-arith -Wformat-security -fno-exceptions -DQT_NO_EXCEPTIONS -fno-check-new -fno-common -Woverloaded-virtual  -D__KDE_HAVE_GCC_VISIBILITY   -fvisibility=hidden -o CMakeFiles/cmTryCompileExec.dir/src.cxx.o -c /home/paul/playa/ccload/build/CMakeFiles/CMakeTmp/src.cxx
Linking CXX executable cmTryCompileExec
/usr/bin/cmake -E cmake_link_script CMakeFiles/cmTryCompileExec.dir/link.txt --verbose=1
/usr/bin/c++     -Wnon-virtual-dtor -Wno-long-long -ansi -Wundef -Wcast-align -Wchar-subscripts -Wall -W -Wpointer-arith -Wformat-security -fno-exceptions -DQT_NO_EXCEPTIONS -fno-check-new -fno-common -Woverloaded-virtual  -D__KDE_HAVE_GCC_VISIBILITY    CMakeFiles/cmTryCompileExec.dir/src.cxx.o  -o cmTryCompileExec -rdynamic 
gmake[1]: Leaving directory `/home/paul/playa/ccload/build/CMakeFiles/CMakeTmp'

Source file was:
int main() { return 0;}
